<?xml version="1.0" encoding="UTF-8"?>
<!-- Generated by org.testng.reporters.JUnitReportReporter -->
<testsuite hostname="ITG" failures="0" tests="1" name="test.AddCustomerTest" time="11.685" errors="0" timestamp="2022-09-02T16:40:19 EDT" skipped="0">
  <testcase classname="test.AddCustomerTest" name="validUserShouldBeAbleToLogin" time="11.685"/>
  <system-out/>
</testsuite> <!-- test.AddCustomerTest -->
