<?xml version="1.0" encoding="UTF-8"?>
<!-- Generated by org.testng.reporters.JUnitReportReporter -->
<testsuite hostname="ITG" failures="0" tests="1" name="test.LoginTest" time="4.943" errors="0" timestamp="2022-09-02T15:00:51 EDT" skipped="0">
  <testcase classname="test.LoginTest" name="validUserShouldBeAbleToLogin" time="4.943"/>
  <system-out/>
</testsuite> <!-- test.LoginTest -->
